Traceback (most recent call last):
  File "C:\Users\alimo\anaconda3\lib\site-packages\jupyter_cache\executors\utils.py", line 51, in single_nb_execution
    executenb(
  File "C:\Users\alimo\anaconda3\lib\site-packages\nbclient\client.py", line 1112, in execute
    return NotebookClient(nb=nb, resources=resources, km=km, **kwargs).execute()
  File "C:\Users\alimo\anaconda3\lib\site-packages\nbclient\util.py", line 74, in wrapped
    return just_run(coro(*args, **kwargs))
  File "C:\Users\alimo\anaconda3\lib\site-packages\nbclient\util.py", line 53, in just_run
    return loop.run_until_complete(coro)
  File "C:\Users\alimo\anaconda3\lib\asyncio\base_events.py", line 642, in run_until_complete
    return future.result()
  File "C:\Users\alimo\anaconda3\lib\site-packages\nbclient\client.py", line 553, in async_execute
    await self.async_execute_cell(
  File "C:\Users\alimo\anaconda3\lib\site-packages\nbclient\client.py", line 857, in async_execute_cell
    self._check_raise_for_error(cell, exec_reply)
  File "C:\Users\alimo\anaconda3\lib\site-packages\nbclient\client.py", line 760, in _check_raise_for_error
    raise CellExecutionError.from_cell_and_msg(cell, exec_reply_content)
nbclient.exceptions.CellExecutionError: An error occurred while executing the following cell:
------------------
import numpy as np
import matplotlib.pyplot as plt

from matplotlib import animation, rc
from IPython.display import HTML

n = 15
xgrid=np.linspace(1,3,n)
ygrid=np.linspace(0,2,n)
X, Y = np.meshgrid(xgrid, ygrid)

t=0
U=np.ones(X.shape)
V=-2*t*np.exp(-t**2)*np.ones(X.shape)
tmax,fnum=3,100

def x(t0,t):
  return t+(1-t0)

def y(t0,t,y0):
  return y0+np.exp(-t**2)-np.exp(-t0**2)

#x = np.linspace(1, 3, 1000)

class testAnimation:

  def __init__(self):
    # First set up the figure, the axis, and the plot element we want to animate
    self.fig, ax = plt.subplots()
    plt.close()
    ax.set_xlim(( 1, 3))
    ax.set_ylim((0, 2))
    self.UVC = ax.quiver(X,Y,U,V)
    self.scat, = ax.plot([], [],'o', color='blue')

  # initialization function: plot the background of each frame
  def init(self):
      return (self.UVC, self.scat)

  # animation function. This is called sequentially  
  def animate(self, i):
      t=tmax/fnum*i;
      V=-2*t*np.exp(-t**2)*np.ones(X.shape)
      self.UVC.set_UVC(U,V)
      tgrid=np.arange(0,t,0.5)
      self.scat.set_data(x(0,t), y(0,t,np.linspace(0,2,10)))
      return (self.UVC, self.scat)

  def draw(self):
    global anim
    anim = animation.FuncAnimation(self.fig, self.animate, init_func=self.init,
                             frames=fnum, interval=1000*tmax/fnum, blit=True)


vis = testAnimation()
vis.draw()

# Note: below is the part which makes it work on Colab
rc('animation', html='jshtml')

#anim.save('fluid.gif', writer = 'imagemagick', fps=10)

anim
------------------

[1;31m---------------------------------------------------------------------------[0m
[1;31mLinAlgError[0m                               Traceback (most recent call last)
[1;32m~\AppData\Local\Temp/ipykernel_5540/1586490746.py[0m in [0;36m<module>[1;34m[0m
[0;32m     54[0m [1;33m[0m[0m
[0;32m     55[0m [0mvis[0m [1;33m=[0m [0mtestAnimation[0m[1;33m([0m[1;33m)[0m[1;33m[0m[1;33m[0m[0m
[1;32m---> 56[1;33m [0mvis[0m[1;33m.[0m[0mdraw[0m[1;33m([0m[1;33m)[0m[1;33m[0m[1;33m[0m[0m
[0m[0;32m     57[0m [1;33m[0m[0m
[0;32m     58[0m [1;31m# Note: below is the part which makes it work on Colab[0m[1;33m[0m[1;33m[0m[0m

[1;32m~\AppData\Local\Temp/ipykernel_5540/1586490746.py[0m in [0;36mdraw[1;34m(self)[0m
[0;32m     49[0m   [1;32mdef[0m [0mdraw[0m[1;33m([0m[0mself[0m[1;33m)[0m[1;33m:[0m[1;33m[0m[1;33m[0m[0m
[0;32m     50[0m     [1;32mglobal[0m [0manim[0m[1;33m[0m[1;33m[0m[0m
[1;32m---> 51[1;33m     anim = animation.FuncAnimation(self.fig, self.animate, init_func=self.init,
[0m[0;32m     52[0m                              frames=fnum, interval=1000*tmax/fnum, blit=True)
[0;32m     53[0m [1;33m[0m[0m

[1;32m~\anaconda3\lib\site-packages\matplotlib\animation.py[0m in [0;36m__init__[1;34m(self, fig, func, frames, init_func, fargs, save_count, cache_frame_data, **kwargs)[0m
[0;32m   1703[0m         [0mself[0m[1;33m.[0m[0m_save_seq[0m [1;33m=[0m [1;33m[[0m[1;33m][0m[1;33m[0m[1;33m[0m[0m
[0;32m   1704[0m [1;33m[0m[0m
[1;32m-> 1705[1;33m         [0msuper[0m[1;33m([0m[1;33m)[0m[1;33m.[0m[0m__init__[0m[1;33m([0m[0mfig[0m[1;33m,[0m [1;33m**[0m[0mkwargs[0m[1;33m)[0m[1;33m[0m[1;33m[0m[0m
[0m[0;32m   1706[0m [1;33m[0m[0m
[0;32m   1707[0m         [1;31m# Need to reset the saved seq, since right now it will contain data[0m[1;33m[0m[1;33m[0m[0m

[1;32m~\anaconda3\lib\site-packages\matplotlib\animation.py[0m in [0;36m__init__[1;34m(self, fig, interval, repeat_delay, repeat, event_source, *args, **kwargs)[0m
[0;32m   1465[0m         [1;32mif[0m [0mevent_source[0m [1;32mis[0m [1;32mNone[0m[1;33m:[0m[1;33m[0m[1;33m[0m[0m
[0;32m   1466[0m             [0mevent_source[0m [1;33m=[0m [0mfig[0m[1;33m.[0m[0mcanvas[0m[1;33m.[0m[0mnew_timer[0m[1;33m([0m[0minterval[0m[1;33m=[0m[0mself[0m[1;33m.[0m[0m_interval[0m[1;33m)[0m[1;33m[0m[1;33m[0m[0m
[1;32m-> 1467[1;33m         [0msuper[0m[1;33m([0m[1;33m)[0m[1;33m.[0m[0m__init__[0m[1;33m([0m[0mfig[0m[1;33m,[0m [0mevent_source[0m[1;33m=[0m[0mevent_source[0m[1;33m,[0m [1;33m*[0m[0margs[0m[1;33m,[0m [1;33m**[0m[0mkwargs[0m[1;33m)[0m[1;33m[0m[1;33m[0m[0m
[0m[0;32m   1468[0m [1;33m[0m[0m
[0;32m   1469[0m     [1;32mdef[0m [0m_step[0m[1;33m([0m[0mself[0m[1;33m,[0m [1;33m*[0m[0margs[0m[1;33m)[0m[1;33m:[0m[1;33m[0m[1;33m[0m[0m

[1;32m~\anaconda3\lib\site-packages\matplotlib\animation.py[0m in [0;36m__init__[1;34m(self, fig, event_source, blit)[0m
[0;32m    967[0m                                                       self._stop)
[0;32m    968[0m         [1;32mif[0m [0mself[0m[1;33m.[0m[0m_blit[0m[1;33m:[0m[1;33m[0m[1;33m[0m[0m
[1;32m--> 969[1;33m             [0mself[0m[1;33m.[0m[0m_setup_blit[0m[1;33m([0m[1;33m)[0m[1;33m[0m[1;33m[0m[0m
[0m[0;32m    970[0m [1;33m[0m[0m
[0;32m    971[0m     [1;32mdef[0m [0m__del__[0m[1;33m([0m[0mself[0m[1;33m)[0m[1;33m:[0m[1;33m[0m[1;33m[0m[0m

[1;32m~\anaconda3\lib\site-packages\matplotlib\animation.py[0m in [0;36m_setup_blit[1;34m(self)[0m
[0;32m   1279[0m         self._resize_id = self._fig.canvas.mpl_connect('resize_event',
[0;32m   1280[0m                                                        self._on_resize)
[1;32m-> 1281[1;33m         [0mself[0m[1;33m.[0m[0m_post_draw[0m[1;33m([0m[1;32mNone[0m[1;33m,[0m [0mself[0m[1;33m.[0m[0m_blit[0m[1;33m)[0m[1;33m[0m[1;33m[0m[0m
[0m[0;32m   1282[0m [1;33m[0m[0m
[0;32m   1283[0m     [1;32mdef[0m [0m_on_resize[0m[1;33m([0m[0mself[0m[1;33m,[0m [0mevent[0m[1;33m)[0m[1;33m:[0m[1;33m[0m[1;33m[0m[0m

[1;32m~\anaconda3\lib\site-packages\matplotlib\animation.py[0m in [0;36m_post_draw[1;34m(self, framedata, blit)[0m
[0;32m   1232[0m             [0mself[0m[1;33m.[0m[0m_blit_draw[0m[1;33m([0m[0mself[0m[1;33m.[0m[0m_drawn_artists[0m[1;33m)[0m[1;33m[0m[1;33m[0m[0m
[0;32m   1233[0m         [1;32melse[0m[1;33m:[0m[1;33m[0m[1;33m[0m[0m
[1;32m-> 1234[1;33m             [0mself[0m[1;33m.[0m[0m_fig[0m[1;33m.[0m[0mcanvas[0m[1;33m.[0m[0mdraw_idle[0m[1;33m([0m[1;33m)[0m[1;33m[0m[1;33m[0m[0m
[0m[0;32m   1235[0m [1;33m[0m[0m
[0;32m   1236[0m     [1;31m# The rest of the code in this class is to facilitate easy blitting[0m[1;33m[0m[1;33m[0m[0m

[1;32m~\anaconda3\lib\site-packages\matplotlib\backend_bases.py[0m in [0;36mdraw_idle[1;34m(self, *args, **kwargs)[0m
[0;32m   2053[0m         [1;32mif[0m [1;32mnot[0m [0mself[0m[1;33m.[0m[0m_is_idle_drawing[0m[1;33m:[0m[1;33m[0m[1;33m[0m[0m
[0;32m   2054[0m             [1;32mwith[0m [0mself[0m[1;33m.[0m[0m_idle_draw_cntx[0m[1;33m([0m[1;33m)[0m[1;33m:[0m[1;33m[0m[1;33m[0m[0m
[1;32m-> 2055[1;33m                 [0mself[0m[1;33m.[0m[0mdraw[0m[1;33m([0m[1;33m*[0m[0margs[0m[1;33m,[0m [1;33m**[0m[0mkwargs[0m[1;33m)[0m[1;33m[0m[1;33m[0m[0m
[0m[0;32m   2056[0m [1;33m[0m[0m
[0;32m   2057[0m     [1;32mdef[0m [0mget_width_height[0m[1;33m([0m[0mself[0m[1;33m)[0m[1;33m:[0m[1;33m[0m[1;33m[0m[0m

[1;32m~\anaconda3\lib\site-packages\matplotlib\backends\backend_agg.py[0m in [0;36mdraw[1;34m(self)[0m
[0;32m    404[0m              (self.toolbar._wait_cursor_for_draw_cm() if self.toolbar
[0;32m    405[0m               else nullcontext()):
[1;32m--> 406[1;33m             [0mself[0m[1;33m.[0m[0mfigure[0m[1;33m.[0m[0mdraw[0m[1;33m([0m[0mself[0m[1;33m.[0m[0mrenderer[0m[1;33m)[0m[1;33m[0m[1;33m[0m[0m
[0m[0;32m    407[0m             [1;31m# A GUI class may be need to update a window using this draw, so[0m[1;33m[0m[1;33m[0m[0m
[0;32m    408[0m             [1;31m# don't forget to call the superclass.[0m[1;33m[0m[1;33m[0m[0m

[1;32m~\anaconda3\lib\site-packages\matplotlib\artist.py[0m in [0;36mdraw_wrapper[1;34m(artist, renderer, *args, **kwargs)[0m
[0;32m     72[0m     [1;33m@[0m[0mwraps[0m[1;33m([0m[0mdraw[0m[1;33m)[0m[1;33m[0m[1;33m[0m[0m
[0;32m     73[0m     [1;32mdef[0m [0mdraw_wrapper[0m[1;33m([0m[0martist[0m[1;33m,[0m [0mrenderer[0m[1;33m,[0m [1;33m*[0m[0margs[0m[1;33m,[0m [1;33m**[0m[0mkwargs[0m[1;33m)[0m[1;33m:[0m[1;33m[0m[1;33m[0m[0m
[1;32m---> 74[1;33m         [0mresult[0m [1;33m=[0m [0mdraw[0m[1;33m([0m[0martist[0m[1;33m,[0m [0mrenderer[0m[1;33m,[0m [1;33m*[0m[0margs[0m[1;33m,[0m [1;33m**[0m[0mkwargs[0m[1;33m)[0m[1;33m[0m[1;33m[0m[0m
[0m[0;32m     75[0m         [1;32mif[0m [0mrenderer[0m[1;33m.[0m[0m_rasterizing[0m[1;33m:[0m[1;33m[0m[1;33m[0m[0m
[0;32m     76[0m             [0mrenderer[0m[1;33m.[0m[0mstop_rasterizing[0m[1;33m([0m[1;33m)[0m[1;33m[0m[1;33m[0m[0m

[1;32m~\anaconda3\lib\site-packages\matplotlib\artist.py[0m in [0;36mdraw_wrapper[1;34m(artist, renderer, *args, **kwargs)[0m
[0;32m     49[0m                 [0mrenderer[0m[1;33m.[0m[0mstart_filter[0m[1;33m([0m[1;33m)[0m[1;33m[0m[1;33m[0m[0m
[0;32m     50[0m [1;33m[0m[0m
[1;32m---> 51[1;33m             [1;32mreturn[0m [0mdraw[0m[1;33m([0m[0martist[0m[1;33m,[0m [0mrenderer[0m[1;33m,[0m [1;33m*[0m[0margs[0m[1;33m,[0m [1;33m**[0m[0mkwargs[0m[1;33m)[0m[1;33m[0m[1;33m[0m[0m
[0m[0;32m     52[0m         [1;32mfinally[0m[1;33m:[0m[1;33m[0m[1;33m[0m[0m
[0;32m     53[0m             [1;32mif[0m [0martist[0m[1;33m.[0m[0mget_agg_filter[0m[1;33m([0m[1;33m)[0m [1;32mis[0m [1;32mnot[0m [1;32mNone[0m[1;33m:[0m[1;33m[0m[1;33m[0m[0m

[1;32m~\anaconda3\lib\site-packages\matplotlib\figure.py[0m in [0;36mdraw[1;34m(self, renderer)[0m
[0;32m   2788[0m [1;33m[0m[0m
[0;32m   2789[0m             [0mself[0m[1;33m.[0m[0mpatch[0m[1;33m.[0m[0mdraw[0m[1;33m([0m[0mrenderer[0m[1;33m)[0m[1;33m[0m[1;33m[0m[0m
[1;32m-> 2790[1;33m             mimage._draw_list_compositing_images(
[0m[0;32m   2791[0m                 renderer, self, artists, self.suppressComposite)
[0;32m   2792[0m [1;33m[0m[0m

[1;32m~\anaconda3\lib\site-packages\matplotlib\image.py[0m in [0;36m_draw_list_compositing_images[1;34m(renderer, parent, artists, suppress_composite)[0m
[0;32m    130[0m     [1;32mif[0m [0mnot_composite[0m [1;32mor[0m [1;32mnot[0m [0mhas_images[0m[1;33m:[0m[1;33m[0m[1;33m[0m[0m
[0;32m    131[0m         [1;32mfor[0m [0ma[0m [1;32min[0m [0martists[0m[1;33m:[0m[1;33m[0m[1;33m[0m[0m
[1;32m--> 132[1;33m             [0ma[0m[1;33m.[0m[0mdraw[0m[1;33m([0m[0mrenderer[0m[1;33m)[0m[1;33m[0m[1;33m[0m[0m
[0m[0;32m    133[0m     [1;32melse[0m[1;33m:[0m[1;33m[0m[1;33m[0m[0m
[0;32m    134[0m         [1;31m# Composite any adjacent images together[0m[1;33m[0m[1;33m[0m[0m

[1;32m~\anaconda3\lib\site-packages\matplotlib\artist.py[0m in [0;36mdraw_wrapper[1;34m(artist, renderer, *args, **kwargs)[0m
[0;32m     49[0m                 [0mrenderer[0m[1;33m.[0m[0mstart_filter[0m[1;33m([0m[1;33m)[0m[1;33m[0m[1;33m[0m[0m
[0;32m     50[0m [1;33m[0m[0m
[1;32m---> 51[1;33m             [1;32mreturn[0m [0mdraw[0m[1;33m([0m[0martist[0m[1;33m,[0m [0mrenderer[0m[1;33m,[0m [1;33m*[0m[0margs[0m[1;33m,[0m [1;33m**[0m[0mkwargs[0m[1;33m)[0m[1;33m[0m[1;33m[0m[0m
[0m[0;32m     52[0m         [1;32mfinally[0m[1;33m:[0m[1;33m[0m[1;33m[0m[0m
[0;32m     53[0m             [1;32mif[0m [0martist[0m[1;33m.[0m[0mget_agg_filter[0m[1;33m([0m[1;33m)[0m [1;32mis[0m [1;32mnot[0m [1;32mNone[0m[1;33m:[0m[1;33m[0m[1;33m[0m[0m

[1;32m~\anaconda3\lib\site-packages\matplotlib\_api\deprecation.py[0m in [0;36mwrapper[1;34m(*inner_args, **inner_kwargs)[0m
[0;32m    429[0m                          [1;32melse[0m [0mdeprecation_addendum[0m[1;33m,[0m[1;33m[0m[1;33m[0m[0m
[0;32m    430[0m                 **kwargs)
[1;32m--> 431[1;33m         [1;32mreturn[0m [0mfunc[0m[1;33m([0m[1;33m*[0m[0minner_args[0m[1;33m,[0m [1;33m**[0m[0minner_kwargs[0m[1;33m)[0m[1;33m[0m[1;33m[0m[0m
[0m[0;32m    432[0m [1;33m[0m[0m
[0;32m    433[0m     [1;32mreturn[0m [0mwrapper[0m[1;33m[0m[1;33m[0m[0m

[1;32m~\anaconda3\lib\site-packages\matplotlib\axes\_base.py[0m in [0;36mdraw[1;34m(self, renderer, inframe)[0m
[0;32m   2919[0m             [0mrenderer[0m[1;33m.[0m[0mstop_rasterizing[0m[1;33m([0m[1;33m)[0m[1;33m[0m[1;33m[0m[0m
[0;32m   2920[0m [1;33m[0m[0m
[1;32m-> 2921[1;33m         [0mmimage[0m[1;33m.[0m[0m_draw_list_compositing_images[0m[1;33m([0m[0mrenderer[0m[1;33m,[0m [0mself[0m[1;33m,[0m [0martists[0m[1;33m)[0m[1;33m[0m[1;33m[0m[0m
[0m[0;32m   2922[0m [1;33m[0m[0m
[0;32m   2923[0m         [0mrenderer[0m[1;33m.[0m[0mclose_group[0m[1;33m([0m[1;34m'axes'[0m[1;33m)[0m[1;33m[0m[1;33m[0m[0m

[1;32m~\anaconda3\lib\site-packages\matplotlib\image.py[0m in [0;36m_draw_list_compositing_images[1;34m(renderer, parent, artists, suppress_composite)[0m
[0;32m    130[0m     [1;32mif[0m [0mnot_composite[0m [1;32mor[0m [1;32mnot[0m [0mhas_images[0m[1;33m:[0m[1;33m[0m[1;33m[0m[0m
[0;32m    131[0m         [1;32mfor[0m [0ma[0m [1;32min[0m [0martists[0m[1;33m:[0m[1;33m[0m[1;33m[0m[0m
[1;32m--> 132[1;33m             [0ma[0m[1;33m.[0m[0mdraw[0m[1;33m([0m[0mrenderer[0m[1;33m)[0m[1;33m[0m[1;33m[0m[0m
[0m[0;32m    133[0m     [1;32melse[0m[1;33m:[0m[1;33m[0m[1;33m[0m[0m
[0;32m    134[0m         [1;31m# Composite any adjacent images together[0m[1;33m[0m[1;33m[0m[0m

[1;32m~\anaconda3\lib\site-packages\matplotlib\artist.py[0m in [0;36mdraw_wrapper[1;34m(artist, renderer, *args, **kwargs)[0m
[0;32m     49[0m                 [0mrenderer[0m[1;33m.[0m[0mstart_filter[0m[1;33m([0m[1;33m)[0m[1;33m[0m[1;33m[0m[0m
[0;32m     50[0m [1;33m[0m[0m
[1;32m---> 51[1;33m             [1;32mreturn[0m [0mdraw[0m[1;33m([0m[0martist[0m[1;33m,[0m [0mrenderer[0m[1;33m,[0m [1;33m*[0m[0margs[0m[1;33m,[0m [1;33m**[0m[0mkwargs[0m[1;33m)[0m[1;33m[0m[1;33m[0m[0m
[0m[0;32m     52[0m         [1;32mfinally[0m[1;33m:[0m[1;33m[0m[1;33m[0m[0m
[0;32m     53[0m             [1;32mif[0m [0martist[0m[1;33m.[0m[0mget_agg_filter[0m[1;33m([0m[1;33m)[0m [1;32mis[0m [1;32mnot[0m [1;32mNone[0m[1;33m:[0m[1;33m[0m[1;33m[0m[0m

[1;32m~\anaconda3\lib\site-packages\matplotlib\quiver.py[0m in [0;36mdraw[1;34m(self, renderer)[0m
[0;32m    551[0m     [1;33m@[0m[0mmartist[0m[1;33m.[0m[0mallow_rasterization[0m[1;33m[0m[1;33m[0m[0m
[0;32m    552[0m     [1;32mdef[0m [0mdraw[0m[1;33m([0m[0mself[0m[1;33m,[0m [0mrenderer[0m[1;33m)[0m[1;33m:[0m[1;33m[0m[1;33m[0m[0m
[1;32m--> 553[1;33m         [0mself[0m[1;33m.[0m[0m_init[0m[1;33m([0m[1;33m)[0m[1;33m[0m[1;33m[0m[0m
[0m[0;32m    554[0m         [0mverts[0m [1;33m=[0m [0mself[0m[1;33m.[0m[0m_make_verts[0m[1;33m([0m[0mself[0m[1;33m.[0m[0mU[0m[1;33m,[0m [0mself[0m[1;33m.[0m[0mV[0m[1;33m,[0m [0mself[0m[1;33m.[0m[0mangles[0m[1;33m)[0m[1;33m[0m[1;33m[0m[0m
[0;32m    555[0m         [0mself[0m[1;33m.[0m[0mset_verts[0m[1;33m([0m[0mverts[0m[1;33m,[0m [0mclosed[0m[1;33m=[0m[1;32mFalse[0m[1;33m)[0m[1;33m[0m[1;33m[0m[0m

[1;32m~\anaconda3\lib\site-packages\matplotlib\quiver.py[0m in [0;36m_init[1;34m(self)[0m
[0;32m    529[0m         [1;32mif[0m [1;32mTrue[0m[1;33m:[0m  [1;31m# not self._initialized:[0m[1;33m[0m[1;33m[0m[0m
[0;32m    530[0m             [0mtrans[0m [1;33m=[0m [0mself[0m[1;33m.[0m[0m_set_transform[0m[1;33m([0m[1;33m)[0m[1;33m[0m[1;33m[0m[0m
[1;32m--> 531[1;33m             [0mself[0m[1;33m.[0m[0mspan[0m [1;33m=[0m [0mtrans[0m[1;33m.[0m[0minverted[0m[1;33m([0m[1;33m)[0m[1;33m.[0m[0mtransform_bbox[0m[1;33m([0m[0mself[0m[1;33m.[0m[0maxes[0m[1;33m.[0m[0mbbox[0m[1;33m)[0m[1;33m.[0m[0mwidth[0m[1;33m[0m[1;33m[0m[0m
[0m[0;32m    532[0m             [1;32mif[0m [0mself[0m[1;33m.[0m[0mwidth[0m [1;32mis[0m [1;32mNone[0m[1;33m:[0m[1;33m[0m[1;33m[0m[0m
[0;32m    533[0m                 [0msn[0m [1;33m=[0m [0mnp[0m[1;33m.[0m[0mclip[0m[1;33m([0m[0mmath[0m[1;33m.[0m[0msqrt[0m[1;33m([0m[0mself[0m[1;33m.[0m[0mN[0m[1;33m)[0m[1;33m,[0m [1;36m8[0m[1;33m,[0m [1;36m25[0m[1;33m)[0m[1;33m[0m[1;33m[0m[0m

[1;32m~\anaconda3\lib\site-packages\matplotlib\transforms.py[0m in [0;36minverted[1;34m(self)[0m
[0;32m   1855[0m             [1;32mif[0m [0mself[0m[1;33m.[0m[0m_shorthand_name[0m[1;33m:[0m[1;33m[0m[1;33m[0m[0m
[0;32m   1856[0m                 [0mshorthand_name[0m [1;33m=[0m [1;34m'(%s)-1'[0m [1;33m%[0m [0mself[0m[1;33m.[0m[0m_shorthand_name[0m[1;33m[0m[1;33m[0m[0m
[1;32m-> 1857[1;33m             [0mself[0m[1;33m.[0m[0m_inverted[0m [1;33m=[0m [0mAffine2D[0m[1;33m([0m[0minv[0m[1;33m([0m[0mmtx[0m[1;33m)[0m[1;33m,[0m [0mshorthand_name[0m[1;33m=[0m[0mshorthand_name[0m[1;33m)[0m[1;33m[0m[1;33m[0m[0m
[0m[0;32m   1858[0m             [0mself[0m[1;33m.[0m[0m_invalid[0m [1;33m=[0m [1;36m0[0m[1;33m[0m[1;33m[0m[0m
[0;32m   1859[0m         [1;32mreturn[0m [0mself[0m[1;33m.[0m[0m_inverted[0m[1;33m[0m[1;33m[0m[0m

[1;32m<__array_function__ internals>[0m in [0;36minv[1;34m(*args, **kwargs)[0m

[1;32m~\anaconda3\lib\site-packages\numpy\linalg\linalg.py[0m in [0;36minv[1;34m(a)[0m
[0;32m    543[0m     [0msignature[0m [1;33m=[0m [1;34m'D->D'[0m [1;32mif[0m [0misComplexType[0m[1;33m([0m[0mt[0m[1;33m)[0m [1;32melse[0m [1;34m'd->d'[0m[1;33m[0m[1;33m[0m[0m
[0;32m    544[0m     [0mextobj[0m [1;33m=[0m [0mget_linalg_error_extobj[0m[1;33m([0m[0m_raise_linalgerror_singular[0m[1;33m)[0m[1;33m[0m[1;33m[0m[0m
[1;32m--> 545[1;33m     [0mainv[0m [1;33m=[0m [0m_umath_linalg[0m[1;33m.[0m[0minv[0m[1;33m([0m[0ma[0m[1;33m,[0m [0msignature[0m[1;33m=[0m[0msignature[0m[1;33m,[0m [0mextobj[0m[1;33m=[0m[0mextobj[0m[1;33m)[0m[1;33m[0m[1;33m[0m[0m
[0m[0;32m    546[0m     [1;32mreturn[0m [0mwrap[0m[1;33m([0m[0mainv[0m[1;33m.[0m[0mastype[0m[1;33m([0m[0mresult_t[0m[1;33m,[0m [0mcopy[0m[1;33m=[0m[1;32mFalse[0m[1;33m)[0m[1;33m)[0m[1;33m[0m[1;33m[0m[0m
[0;32m    547[0m [1;33m[0m[0m

[1;32m~\anaconda3\lib\site-packages\numpy\linalg\linalg.py[0m in [0;36m_raise_linalgerror_singular[1;34m(err, flag)[0m
[0;32m     86[0m [1;33m[0m[0m
[0;32m     87[0m [1;32mdef[0m [0m_raise_linalgerror_singular[0m[1;33m([0m[0merr[0m[1;33m,[0m [0mflag[0m[1;33m)[0m[1;33m:[0m[1;33m[0m[1;33m[0m[0m
[1;32m---> 88[1;33m     [1;32mraise[0m [0mLinAlgError[0m[1;33m([0m[1;34m"Singular matrix"[0m[1;33m)[0m[1;33m[0m[1;33m[0m[0m
[0m[0;32m     89[0m [1;33m[0m[0m
[0;32m     90[0m [1;32mdef[0m [0m_raise_linalgerror_nonposdef[0m[1;33m([0m[0merr[0m[1;33m,[0m [0mflag[0m[1;33m)[0m[1;33m:[0m[1;33m[0m[1;33m[0m[0m

[1;31mLinAlgError[0m: Singular matrix
LinAlgError: Singular matrix

